Determining if the pthread_create exist failed with the following output:
Change Dir: /home/tom/Desktop/TestWorld/build/CMakeFiles/CMakeTmp

Run Build Command:/usr/bin/make "cmTryCompileExec328611725/fast"
/usr/bin/make -f CMakeFiles/cmTryCompileExec328611725.dir/build.make CMakeFiles/cmTryCompileExec328611725.dir/build
make[1]: Entering directory `/home/tom/Desktop/TestWorld/build/CMakeFiles/CMakeTmp'
/usr/bin/cmake -E cmake_progress_report /home/tom/Desktop/TestWorld/build/CMakeFiles/CMakeTmp/CMakeFiles 1
Building C object CMakeFiles/cmTryCompileExec328611725.dir/CheckSymbolExists.c.o
/usr/bin/cc    -o CMakeFiles/cmTryCompileExec328611725.dir/CheckSymbolExists.c.o   -c /home/tom/Desktop/TestWorld/build/CMakeFiles/CMakeTmp/CheckSymbolExists.c
Linking C executable cmTryCompileExec328611725
/usr/bin/cmake -E cmake_link_script CMakeFiles/cmTryCompileExec328611725.dir/link.txt --verbose=1
/usr/bin/cc       CMakeFiles/cmTryCompileExec328611725.dir/CheckSymbolExists.c.o  -o cmTryCompileExec328611725 -rdynamic 
CMakeFiles/cmTryCompileExec328611725.dir/CheckSymbolExists.c.o: In function `main':
CheckSymbolExists.c:(.text+0x16): undefined reference to `pthread_create'
collect2: error: ld returned 1 exit status
make[1]: Leaving directory `/home/tom/Desktop/TestWorld/build/CMakeFiles/CMakeTmp'
make[1]: *** [cmTryCompileExec328611725] Error 1
make: *** [cmTryCompileExec328611725/fast] Error 2

File /home/tom/Desktop/TestWorld/build/CMakeFiles/CMakeTmp/CheckSymbolExists.c:
/* */
#include <pthread.h>

int main(int argc, char** argv)
{
  (void)argv;
#ifndef pthread_create
  return ((int*)(&pthread_create))[argc];
#else
  (void)argc;
  return 0;
#endif
}

Determining if the function pthread_create exists in the pthreads failed with the following output:
Change Dir: /home/tom/Desktop/TestWorld/build/CMakeFiles/CMakeTmp

Run Build Command:/usr/bin/make "cmTryCompileExec49110303/fast"
/usr/bin/make -f CMakeFiles/cmTryCompileExec49110303.dir/build.make CMakeFiles/cmTryCompileExec49110303.dir/build
make[1]: Entering directory `/home/tom/Desktop/TestWorld/build/CMakeFiles/CMakeTmp'
/usr/bin/cmake -E cmake_progress_report /home/tom/Desktop/TestWorld/build/CMakeFiles/CMakeTmp/CMakeFiles 1
Building C object CMakeFiles/cmTryCompileExec49110303.dir/CheckFunctionExists.c.o
/usr/bin/cc   -DCHECK_FUNCTION_EXISTS=pthread_create   -o CMakeFiles/cmTryCompileExec49110303.dir/CheckFunctionExists.c.o   -c /usr/share/cmake-2.8/Modules/CheckFunctionExists.c
Linking C executable cmTryCompileExec49110303
/usr/bin/cmake -E cmake_link_script CMakeFiles/cmTryCompileExec49110303.dir/link.txt --verbose=1
/usr/bin/cc   -DCHECK_FUNCTION_EXISTS=pthread_create    CMakeFiles/cmTryCompileExec49110303.dir/CheckFunctionExists.c.o  -o cmTryCompileExec49110303 -rdynamic -lpthreads 
/usr/bin/ld: cannot find -lpthreads
collect2: error: ld returned 1 exit status
make[1]: Leaving directory `/home/tom/Desktop/TestWorld/build/CMakeFiles/CMakeTmp'
make[1]: *** [cmTryCompileExec49110303] Error 1
make: *** [cmTryCompileExec49110303/fast] Error 2


